<?xml version="1.0" encoding="UTF-8"?>
<!-- Generated by org.testng.reporters.JUnitReportReporter -->
<testsuite hostname="DESKTOP-TLHL3NS" failures="0" tests="1" name="APITesting.APITest" time="18.218" errors="0" timestamp="2024-04-23T19:24:36 SAST" skipped="0">
  <testcase classname="APITesting.APITest" name="APIcall" time="18.218"/>
</testsuite> <!-- APITesting.APITest -->
